[2024-11-27 17:45:26.608] [Core1] ... Init
[2024-11-27 17:45:26.609] [Core0] ... Init End
[2024-11-27 17:45:26.609] File System Init(@SD)
[2024-11-27 17:45:26.741] [Core1] vTaskCore1oled
[2024-11-27 17:45:26.747] [Core1] vTaskCore1monitor
[2024-11-27 17:45:26.755] **************************************************************************
[2024-11-27 17:45:26.755] Chimi Monitor Program for RP2350 Ver.1.0.0
[2024-11-27 17:45:26.755] Copyright(C) 2024, Chimi(https://github.com/Chimipupu)
[2024-11-27 17:45:26.768] Pico SDK Ver.2.1.0
[2024-11-27 17:45:26.768] RP2350 Chip Rev.A2
[2024-11-27 17:45:26.769] **************************************************************************
[2024-11-27 17:45:26.769]    @                                     
[2024-11-27 17:45:26.769]    @                                     
[2024-11-27 17:45:26.770] @@@@@@@@     @@@@@        @@@@    @@@@@  
[2024-11-27 17:45:26.770]    @             @       @    @  @     @ 
[2024-11-27 17:45:26.770]   @              @  @   @      @ @     @ 
[2024-11-27 17:45:26.770]   @ @@@         @   @   @      @  @@     
[2024-11-27 17:45:26.770]  @@@   @     @@@@@@ @   @      @    @@   
[2024-11-27 17:45:26.770]  @      @   @  @   @@@  @      @      @  
[2024-11-27 17:45:26.770]         @  @  @     @ @ @      @ @     @ 
[2024-11-27 17:45:26.771]         @  @  @     @    @    @  @     @ 
[2024-11-27 17:45:26.771]       @@    @@     @      @@@@    @@@@@  
[2024-11-27 17:45:26.778]    @@@           @@                      
[2024-11-27 17:45:26.778]                                          
[2024-11-27 17:45:26.778] **************************************************************************
[2024-11-27 17:45:26.778] Command List:
[2024-11-27 17:45:26.778]   HELP   - This Command. Show Command List
[2024-11-27 17:45:26.778]   CLS    - Display Clear Command
[2024-11-27 17:45:26.778]   DIR    - List directory(SD or SPI Flash)
[2024-11-27 17:45:26.778]   CALC   - Calc add(+), sun(-), mul(*), div(*), mod(), pow(^)
[2024-11-27 17:45:26.778]   PI     - Calculate Pi using Gauss-Legendre method (e.g., PI 3)
[2024-11-27 17:45:26.778]   FIB    - Display Fibonacci (e.g., FIB 10)
[2024-11-27 17:45:26.778]   PRIME  - Display prime numbers (e.g., PRIME 10)
[2024-11-27 17:45:26.781]   MANDEL - Display Mandelbrot (e.g., MANDEL)
[2024-11-27 17:45:26.781]   TIMER  - Timer Test
[2024-11-27 17:45:26.781]   TEST   - Performance test cmd
[2024-11-27 17:45:26.791]   DBG    - Develop cmd
[2024-11-27 17:45:26.791] **************************************************************************
[2024-11-27 17:45:26.792] 
[2024-11-27 17:45:26.792] > TEST
[2024-11-27 17:45:29.917] Chimi Monitor Program for RP2350 Ver.1.0.0
[2024-11-27 17:45:29.918] Copyright(C) 2024, Chimi(https://github.com/Chimipupu)
[2024-11-27 17:45:29.920] Pico SDK Ver.2.1.0
[2024-11-27 17:45:29.920] RP2350 Chip Rev.A2
[2024-11-27 17:45:29.920] **************************************************************************
[2024-11-27 17:45:29.922] [BenchMark Test]
[2024-11-27 17:45:29.922] **************************************************************************
[2024-11-27 17:45:29.930] add_test_int() Func (n=10)	Proc Time Avg = 107 [usec]
[2024-11-27 17:45:29.931] sub_test_int() Func (n=10)	Proc Time Avg = 106 [usec]
[2024-11-27 17:45:29.932] mul_test_int() Func (n=10)	Proc Time Avg = 104 [usec]
[2024-11-27 17:45:29.940] div_test_int() Func (n=10)	Proc Time Avg = 105 [usec]
[2024-11-27 17:45:29.940] add_test_float() Func (n=10)	Proc Time Avg = 121 [usec]
[2024-11-27 17:45:29.940] sub_test_float() Func (n=10)	Proc Time Avg = 124 [usec]
[2024-11-27 17:45:29.940] mul_test_float() Func (n=10)	Proc Time Avg = 122 [usec]
[2024-11-27 17:45:29.940] div_test_float() Func (n=10)	Proc Time Avg = 127 [usec]
[2024-11-27 17:45:29.947] add_test_double() Func (n=10)	Proc Time Avg = 442 [usec]
[2024-11-27 17:45:29.955] sub_test_double() Func (n=10)	Proc Time Avg = 474 [usec]
[2024-11-27 17:45:29.971] mul_test_double() Func (n=10)	Proc Time Avg = 450 [usec]
[2024-11-27 17:45:29.971] div_test_double() Func (n=10)	Proc Time Avg = 548 [usec]
[2024-11-27 17:45:29.971] sin_test() Func (n=10)	Proc Time Avg = 1751 [usec]
[2024-11-27 17:45:29.997] cos_test() Func (n=10)	Proc Time Avg = 1719 [usec]
[2024-11-27 17:45:30.004] tan_test() Func (n=10)	Proc Time Avg = 2660 [usec]
[2024-11-27 17:45:30.033] atan2_test() Func (n=10)	Proc Time Avg = 2472 [usec]
[2024-11-27 17:45:30.059] sqrt_test() Func (n=10)	Proc Time Avg = 340 [usec]
[2024-11-27 17:45:30.067] gpio_tgl_test() Func (n=10)	Proc Time Avg = 819 [usec]
[2024-11-27 17:45:30.083] **************************************************************************
[2024-11-27 17:45:30.083] **************************************************************************
[2024-11-27 17:45:30.083] [Math App Test]
[2024-11-27 17:45:30.083] **************************************************************************
[2024-11-27 17:45:30.083] tan(355/226) = -7497258.179
[2024-11-27 17:45:30.083] proc time : 0 usec
[2024-11-27 17:45:30.083] pi = 3.141592653589794
[2024-11-27 17:45:30.083] proc time : 29 usec
[2024-11-27 17:45:30.083] e = 2.718281828459045
[2024-11-27 17:45:30.083] phi = 1.618033988749895
[2024-11-27 17:45:30.089] Fibonacci : 1 1 2 3 5 8 13 21 34 55 89 144 233 377 610 987 1597 2584 4181 
[2024-11-27 17:45:30.089] 1's inv sqrt = 0.998307168483734
[2024-11-27 17:45:30.106] 2's inv sqrt = 0.706930041313171
[2024-11-27 17:45:30.106] 3's inv sqrt = 0.576846837997437
[2024-11-27 17:45:30.106] 4's inv sqrt = 0.499153584241867
[2024-11-27 17:45:30.106] 5's inv sqrt = 0.447141021490097
[2024-11-27 17:45:30.106] 6's inv sqrt = 0.407681375741959
[2024-11-27 17:45:30.106] **************************************************************************
[2024-11-27 17:45:30.107] 
[2024-11-27 17:45:30.107] > TEST\
[2024-11-27 17:45:32.588] Bad command: TEST\
[2024-11-27 17:45:32.588] 
[2024-11-27 17:45:32.588] > TEST
[2024-11-27 17:45:33.981] Chimi Monitor Program for RP2350 Ver.1.0.0
[2024-11-27 17:45:33.981] Copyright(C) 2024, Chimi(https://github.com/Chimipupu)
[2024-11-27 17:45:33.981] Pico SDK Ver.2.1.0
[2024-11-27 17:45:33.981] RP2350 Chip Rev.A2
[2024-11-27 17:45:33.981] **************************************************************************
[2024-11-27 17:45:33.981] [BenchMark Test]
[2024-11-27 17:45:33.981] **************************************************************************
[2024-11-27 17:45:33.981] add_test_int() Func (n=10)	Proc Time Avg = 106 [usec]
[2024-11-27 17:45:33.981] sub_test_int() Func (n=10)	Proc Time Avg = 105 [usec]
[2024-11-27 17:45:33.981] mul_test_int() Func (n=10)	Proc Time Avg = 106 [usec]
[2024-11-27 17:45:33.981] div_test_int() Func (n=10)	Proc Time Avg = 106 [usec]
[2024-11-27 17:45:33.981] add_test_float() Func (n=10)	Proc Time Avg = 134 [usec]
[2024-11-27 17:45:33.996] sub_test_float() Func (n=10)	Proc Time Avg = 132 [usec]
[2024-11-27 17:45:33.996] mul_test_float() Func (n=10)	Proc Time Avg = 134 [usec]
[2024-11-27 17:45:33.996] div_test_float() Func (n=10)	Proc Time Avg = 137 [usec]
[2024-11-27 17:45:34.008] add_test_double() Func (n=10)	Proc Time Avg = 458 [usec]
[2024-11-27 17:45:34.008] sub_test_double() Func (n=10)	Proc Time Avg = 525 [usec]
[2024-11-27 17:45:34.008] mul_test_double() Func (n=10)	Proc Time Avg = 484 [usec]
[2024-11-27 17:45:34.008] div_test_double() Func (n=10)	Proc Time Avg = 574 [usec]
[2024-11-27 17:45:34.032] sin_test() Func (n=10)	Proc Time Avg = 1954 [usec]
[2024-11-27 17:45:34.040] cos_test() Func (n=10)	Proc Time Avg = 1820 [usec]
[2024-11-27 17:45:34.062] tan_test() Func (n=10)	Proc Time Avg = 2675 [usec]
[2024-11-27 17:45:34.088] atan2_test() Func (n=10)	Proc Time Avg = 2469 [usec]
[2024-11-27 17:45:34.116] sqrt_test() Func (n=10)	Proc Time Avg = 342 [usec]
[2024-11-27 17:45:34.116] gpio_tgl_test() Func (n=10)	Proc Time Avg = 820 [usec]
[2024-11-27 17:45:34.123] **************************************************************************
[2024-11-27 17:45:34.140] **************************************************************************
[2024-11-27 17:45:34.140] [Math App Test]
[2024-11-27 17:45:34.140] **************************************************************************
[2024-11-27 17:45:34.153] tan(355/226) = -7497258.179
[2024-11-27 17:45:34.153] proc time : 0 usec
[2024-11-27 17:45:34.153] pi = 3.141592653589794
[2024-11-27 17:45:34.153] proc time : 31 usec
[2024-11-27 17:45:34.153] e = 2.718281828459045
[2024-11-27 17:45:34.153] phi = 1.618033988749895
[2024-11-27 17:45:34.153] Fibonacci : 1 1 2 3 5 8 13 21 34 55 89 144 233 377 610 987 1597 2584 4181 
[2024-11-27 17:45:34.153] 1's inv sqrt = 0.998307168483734
[2024-11-27 17:45:34.153] 2's inv sqrt = 0.706930041313171
[2024-11-27 17:45:34.153] 3's inv sqrt = 0.576846837997437
[2024-11-27 17:45:34.153] 4's inv sqrt = 0.499153584241867
[2024-11-27 17:45:34.170] 5's inv sqrt = 0.447141021490097
[2024-11-27 17:45:34.170] 6's inv sqrt = 0.407681375741959
[2024-11-27 17:45:34.170] **************************************************************************
[2024-11-27 17:45:34.170] 
[2024-11-27 17:45:34.170] > TEST
[2024-11-27 17:45:35.342] Chimi Monitor Program for RP2350 Ver.1.0.0
[2024-11-27 17:45:35.342] Copyright(C) 2024, Chimi(https://github.com/Chimipupu)
[2024-11-27 17:45:35.342] Pico SDK Ver.2.1.0
[2024-11-27 17:45:35.342] RP2350 Chip Rev.A2
[2024-11-27 17:45:35.342] **************************************************************************
[2024-11-27 17:45:35.347] [BenchMark Test]
[2024-11-27 17:45:35.347] **************************************************************************
[2024-11-27 17:45:35.347] add_test_int() Func (n=10)	Proc Time Avg = 106 [usec]
[2024-11-27 17:45:35.363] sub_test_int() Func (n=10)	Proc Time Avg = 106 [usec]
[2024-11-27 17:45:35.363] mul_test_int() Func (n=10)	Proc Time Avg = 107 [usec]
[2024-11-27 17:45:35.363] div_test_int() Func (n=10)	Proc Time Avg = 106 [usec]
[2024-11-27 17:45:35.364] add_test_float() Func (n=10)	Proc Time Avg = 128 [usec]
[2024-11-27 17:45:35.364] sub_test_float() Func (n=10)	Proc Time Avg = 123 [usec]
[2024-11-27 17:45:35.364] mul_test_float() Func (n=10)	Proc Time Avg = 125 [usec]
[2024-11-27 17:45:35.370] div_test_float() Func (n=10)	Proc Time Avg = 122 [usec]
[2024-11-27 17:45:35.370] add_test_double() Func (n=10)	Proc Time Avg = 446 [usec]
[2024-11-27 17:45:35.370] sub_test_double() Func (n=10)	Proc Time Avg = 470 [usec]
[2024-11-27 17:45:35.393] mul_test_double() Func (n=10)	Proc Time Avg = 452 [usec]
[2024-11-27 17:45:35.393] div_test_double() Func (n=10)	Proc Time Avg = 550 [usec]
[2024-11-27 17:45:35.393] sin_test() Func (n=10)	Proc Time Avg = 1747 [usec]
[2024-11-27 17:45:35.421] cos_test() Func (n=10)	Proc Time Avg = 1714 [usec]
[2024-11-27 17:45:35.428] tan_test() Func (n=10)	Proc Time Avg = 2663 [usec]
[2024-11-27 17:45:35.453] atan2_test() Func (n=10)	Proc Time Avg = 2463 [usec]
[2024-11-27 17:45:35.478] sqrt_test() Func (n=10)	Proc Time Avg = 338 [usec]
[2024-11-27 17:45:35.483] gpio_tgl_test() Func (n=10)	Proc Time Avg = 823 [usec]
[2024-11-27 17:45:35.504] **************************************************************************
[2024-11-27 17:45:35.504] **************************************************************************
[2024-11-27 17:45:35.504] [Math App Test]
[2024-11-27 17:45:35.504] **************************************************************************
[2024-11-27 17:45:35.504] tan(355/226) = -7497258.179
[2024-11-27 17:45:35.505] proc time : 0 usec
[2024-11-27 17:45:35.505] pi = 3.141592653589794
[2024-11-27 17:45:35.505] proc time : 21 usec
[2024-11-27 17:45:35.505] e = 2.718281828459045
[2024-11-27 17:45:35.505] phi = 1.618033988749895
[2024-11-27 17:45:35.505] Fibonacci : 1 1 2 3 5 8 13 21 34 55 89 144 233 377 610 987 1597 2584 4181 
[2024-11-27 17:45:35.510] 1's inv sqrt = 0.998307168483734
[2024-11-27 17:45:35.510] 2's inv sqrt = 0.706930041313171
[2024-11-27 17:45:35.510] 3's inv sqrt = 0.576846837997437
[2024-11-27 17:45:35.525] 4's inv sqrt = 0.499153584241867
[2024-11-27 17:45:35.525] 5's inv sqrt = 0.447141021490097
[2024-11-27 17:45:35.525] 6's inv sqrt = 0.407681375741959
[2024-11-27 17:45:35.525] **************************************************************************
[2024-11-27 17:45:35.525] 
[2024-11-27 17:45:35.526] > dbg
[2024-11-27 17:45:37.480] DEBUG Command
[2024-11-27 17:45:37.480] [CoreFF] ... RP2350 Reg Info
[2024-11-27 17:45:37.480] RP2350 Chip Rev.A2
[2024-11-27 17:45:37.480] [Core1] ... SIO CPUID Reg(0xD0000000)
[2024-11-27 17:45:37.480] [Core1] ... SIO CPUID Reg Val = 0x1
[2024-11-27 17:45:37.480] [Core1] ... SYSINFO CPUID Reg(0x20004927)
[2024-11-27 17:45:37.487] [Core1] ... SYSINFO CPUID Reg Val = 0x20004927
[2024-11-27 17:45:37.487] [Core1] ... SYSINFO CPUID Reg MANUFACTURER[11:0] = 0x493
[2024-11-27 17:45:37.487] [Core1] ... SYSINFO CPUID Reg PART[27:12] = 0x4
[2024-11-27 17:45:37.487] [Core1] ... SYSINFO CPUID Reg REVISION[31:28] = 0x2
[2024-11-27 17:45:37.507] [Core1] ... M33 CPUID Reg(0xE000ED00)
[2024-11-27 17:45:37.507] [Core1] ... M33 CPUID Reg Val = 0x411FD210
[2024-11-27 17:45:37.507] [Core1] ... M33 CPUID Reg REVISION[3:0] = 0x0
[2024-11-27 17:45:37.507] [Core1] ... M33 CPUID Reg PARTNO[15:4] = 0xD21
[2024-11-27 17:45:37.507] [Core1] ... M33 CPUID Reg ARCHITECTURE[19:16] = 0xF
[2024-11-27 17:45:37.507] [Core1] ... M33 CPUID Reg VARIANT[23:20] = 0x1
[2024-11-27 17:45:37.507] [Core1] ... M33 CPUID Reg IMPLEMENTER[31:24] = 0x41
[2024-11-27 17:45:37.507] SD card Test
[2024-11-27 17:45:37.507] test.txt exists
[2024-11-27 17:45:37.507] SD card Write Test
[2024-11-27 17:45:37.517] Writing to test.txt...
[2024-11-27 17:45:37.535] SD card Read Test
[2024-11-27 17:45:37.535] Read : SD Write Test
[2024-11-27 17:45:37.535] 
[2024-11-27 17:45:37.535] > mandel
[2024-11-27 17:45:40.428]                                                                                 
[2024-11-27 17:45:40.430]                                                                                 
[2024-11-27 17:45:40.431]                                                                                 
[2024-11-27 17:45:40.431]                                                                                 
[2024-11-27 17:45:40.431]                                                                                 
[2024-11-27 17:45:40.431]                                                                                 
[2024-11-27 17:45:40.432]                                                                                 
[2024-11-27 17:45:40.433]                                                                                 
[2024-11-27 17:45:40.445]                                                                                 
[2024-11-27 17:45:40.445]                                                                                 
[2024-11-27 17:45:40.445]                                         #                                       
[2024-11-27 17:45:40.446]                                                                                 
[2024-11-27 17:45:40.450]                                     ####                                        
[2024-11-27 17:45:40.466]                                     ####                                        
[2024-11-27 17:45:40.475]                               #  ##########                                     
[2024-11-27 17:45:40.502]                               #################                                 
[2024-11-27 17:45:40.527]                             ###################                                 
[2024-11-27 17:45:40.556]                            #####################                                
[2024-11-27 17:45:40.593]                  #######  ######################                                
[2024-11-27 17:45:40.644]                 ######### ######################                                
[2024-11-27 17:45:40.697] ##############################################                                  
[2024-11-27 17:45:40.774]                 ######### ######################                                
[2024-11-27 17:45:40.827]                  #######  ######################                                
[2024-11-27 17:45:40.880]                            #####################                                
[2024-11-27 17:45:40.910]                             ###################                                 
[2024-11-27 17:45:40.945]                               #################                                 
[2024-11-27 17:45:40.983]                               #  ##########                                     
[2024-11-27 17:45:40.998]                                     ####                                        
[2024-11-27 17:45:41.015]                                     ####                                        
[2024-11-27 17:45:41.021]                                                                                 
[2024-11-27 17:45:41.024]                                         #                                       
[2024-11-27 17:45:41.029]                                                                                 
[2024-11-27 17:45:41.036]                                                                                 
[2024-11-27 17:45:41.037]                                                                                 
[2024-11-27 17:45:41.046]                                                                                 
[2024-11-27 17:45:41.047]                                                                                 
[2024-11-27 17:45:41.047]                                                                                 
[2024-11-27 17:45:41.050]                                                                                 
[2024-11-27 17:45:41.055]                                                                                 
[2024-11-27 17:45:41.067]                                                                                 
[2024-11-27 17:45:41.068] 
[2024-11-27 17:45:41.068] > pi 3
[2024-11-27 17:45:50.121] pi = 3.141592653589794
[2024-11-27 17:45:50.121] proc time : 42 usec
[2024-11-27 17:45:50.121] 
[2024-11-27 17:45:50.121] > pi 43
[2024-11-27 17:45:54.241] pi = 3.141592653589794
[2024-11-27 17:45:54.242] proc time : 30 usec
[2024-11-27 17:45:54.242] 
[2024-11-27 17:45:54.242] > pi 3
[2024-11-27 17:45:58.021] pi = 3.141592653589794
[2024-11-27 17:45:58.021] proc time : 34 usec
[2024-11-27 17:45:58.021] 
[2024-11-27 17:45:58.021] > 