[2024-11-30 09:04:16.376] **************************************************************************
[2024-11-30 09:04:16.377] Chimi Monitor Program for RP2350 Ver1.0.3
[2024-11-30 09:04:16.377] Copyright(C) 2024, Chimi(https://github.com/Chimipupu)
[2024-11-30 09:04:16.379] Pico SDK Ver.2.1.0
[2024-11-30 09:04:16.379] RP2350 Chip Rev.A2
[2024-11-30 09:04:16.379] **************************************************************************
[2024-11-30 09:04:16.387]    @                                     
[2024-11-30 09:04:16.387]    @                                     
[2024-11-30 09:04:16.387] @@@@@@@@     @@@@@        @@@@    @@@@@  
[2024-11-30 09:04:16.387]    @             @       @    @  @     @ 
[2024-11-30 09:04:16.388]   @              @  @   @      @ @     @ 
[2024-11-30 09:04:16.389]   @ @@@         @   @   @      @  @@     
[2024-11-30 09:04:16.389]  @@@   @     @@@@@@ @   @      @    @@   
[2024-11-30 09:04:16.389]  @      @   @  @   @@@  @      @      @  
[2024-11-30 09:04:16.390]         @  @  @     @ @ @      @ @     @ 
[2024-11-30 09:04:16.390]         @  @  @     @    @    @  @     @ 
[2024-11-30 09:04:16.390]       @@    @@     @      @@@@    @@@@@  
[2024-11-30 09:04:16.391]    @@@           @@                      
[2024-11-30 09:04:16.392]                                          
[2024-11-30 09:04:16.392] **************************************************************************
[2024-11-30 09:04:16.410] Command List:
[2024-11-30 09:04:16.410]   HELP   - This Command. Show Command List
[2024-11-30 09:04:16.410]   RST    - S/W Reset Command
[2024-11-30 09:04:16.410]   CLS    - Display Clear Command
[2024-11-30 09:04:16.410]   DIR    - List directory(SD or SPI Flash)
[2024-11-30 09:04:16.410]   CALC   - Calc add(+), sun(-), mul(*), div(*), mod(), pow(^)
[2024-11-30 09:04:16.410]   PI     - Calculate Pi using Gauss-Legendre method (e.g., PI 3)
[2024-11-30 09:04:16.410]   FIB    - Display Fibonacci (e.g., FIB 10)
[2024-11-30 09:04:16.410]   PRIME  - Display prime numbers (e.g., PRIME 10)
[2024-11-30 09:04:16.410]   MANDEL - Display Mandelbrot (e.g., MANDEL)
[2024-11-30 09:04:16.410]   RTC    - RTC Command  (e.g., RTC R, RTC W 24/11/30/7/12:00:00)
[2024-11-30 09:04:16.411]   TIMER  - Timer Test
[2024-11-30 09:04:16.411]   TEST   - Performance test cmd
[2024-11-30 09:04:16.411]   DBG    - Develop cmd
[2024-11-30 09:04:16.431] **************************************************************************
[2024-11-30 09:04:16.431] 
[2024-11-30 09:04:16.431] > TEST
[2024-11-30 09:04:21.393] Chimi Monitor Program for RP2350 Ver1.0.3
[2024-11-30 09:04:21.395] Copyright(C) 2024, Chimi(https://github.com/Chimipupu)
[2024-11-30 09:04:21.398] Pico SDK Ver.2.1.0
[2024-11-30 09:04:21.398] RP2350 Chip Rev.A2
[2024-11-30 09:04:21.398] **************************************************************************
[2024-11-30 09:04:21.401] [BenchMark Test]
[2024-11-30 09:04:21.401] **************************************************************************
[2024-11-30 09:04:21.411] add_test_int() Func (n=10)	Proc Time Avg = 132 [usec]
[2024-11-30 09:04:21.411] sub_test_int() Func (n=10)	Proc Time Avg = 116 [usec]
[2024-11-30 09:04:21.419] mul_test_int() Func (n=10)	Proc Time Avg = 113 [usec]
[2024-11-30 09:04:21.420] div_test_int() Func (n=10)	Proc Time Avg = 110 [usec]
[2024-11-30 09:04:21.420] add_test_float() Func (n=10)	Proc Time Avg = 132 [usec]
[2024-11-30 09:04:21.424] sub_test_float() Func (n=10)	Proc Time Avg = 146 [usec]
[2024-11-30 09:04:21.424] mul_test_float() Func (n=10)	Proc Time Avg = 128 [usec]
[2024-11-30 09:04:21.428] div_test_float() Func (n=10)	Proc Time Avg = 134 [usec]
[2024-11-30 09:04:21.444] add_test_double() Func (n=10)	Proc Time Avg = 471 [usec]
[2024-11-30 09:04:21.444] sub_test_double() Func (n=10)	Proc Time Avg = 499 [usec]
[2024-11-30 09:04:21.452] mul_test_double() Func (n=10)	Proc Time Avg = 499 [usec]
[2024-11-30 09:04:21.452] div_test_double() Func (n=10)	Proc Time Avg = 555 [usec]
[2024-11-30 09:04:21.456] sin_test() Func (n=10)	Proc Time Avg = 1744 [usec]
[2024-11-30 09:04:21.476] cos_test() Func (n=10)	Proc Time Avg = 1741 [usec]
[2024-11-30 09:04:21.493] tan_test() Func (n=10)	Proc Time Avg = 2731 [usec]
[2024-11-30 09:04:21.522] atan2_test() Func (n=10)	Proc Time Avg = 2476 [usec]
[2024-11-30 09:04:21.558] sqrt_test() Func (n=10)	Proc Time Avg = 341 [usec]
[2024-11-30 09:04:21.558] gpio_tgl_test() Func (n=10)	Proc Time Avg = 832 [usec]
[2024-11-30 09:04:21.565] **************************************************************************
[2024-11-30 09:04:21.565] **************************************************************************
[2024-11-30 09:04:21.569] [Math App Test]
[2024-11-30 09:04:21.569] **************************************************************************
[2024-11-30 09:04:21.586] tan(355/226) = -7497258.179
[2024-11-30 09:04:21.586] proc time : 0 usec
[2024-11-30 09:04:21.586] pi = 3.141592653589794
[2024-11-30 09:04:21.586] proc time : 26 usec
[2024-11-30 09:04:21.586] e = 2.718281828459045
[2024-11-30 09:04:21.586] phi = 1.618033988749895
[2024-11-30 09:04:21.586] Fibonacci : 1 1 2 3 5 8 13 21 34 55 89 144 233 377 610 987 1597 2584 4181 
[2024-11-30 09:04:21.593] 1's inv sqrt = 0.998307168483734
[2024-11-30 09:04:21.593] 2's inv sqrt = 0.706930041313171
[2024-11-30 09:04:21.593] 3's inv sqrt = 0.576846837997437
[2024-11-30 09:04:21.593] 4's inv sqrt = 0.499153584241867
[2024-11-30 09:04:21.593] 5's inv sqrt = 0.447141021490097
[2024-11-30 09:04:21.593] 6's inv sqrt = 0.407681375741959
[2024-11-30 09:04:21.593] **************************************************************************
[2024-11-30 09:04:21.596] 
[2024-11-30 09:04:21.596] > dbg
[2024-11-30 09:04:24.392] DEBUG Command
[2024-11-30 09:04:24.392] **************************************************************************
[2024-11-30 09:04:24.398] [Core1] ... RP2350 Reg Info
[2024-11-30 09:04:24.398] **************************************************************************
[2024-11-30 09:04:24.403] [Core1] ... SIO CPUID Reg(0xD0000000)
[2024-11-30 09:04:24.403] [Core1] ... SIO CPUID Reg Val = 0x1
[2024-11-30 09:04:24.403] --------------------------------------------------------------------------
[2024-11-30 09:04:24.418] [Core1] ... SYSINFO CPUID Reg(0x20004927)
[2024-11-30 09:04:24.418] [Core1] ... SYSINFO CPUID Reg Val = 0x20004927
[2024-11-30 09:04:24.418] [Core1] ... SYSINFO CPUID Reg MANUFACTURER[11:0] = 0x493
[2024-11-30 09:04:24.429] [Core1] ... SYSINFO CPUID Reg PART[27:12] = 0x4
[2024-11-30 09:04:24.429] [Core1] ... SYSINFO CPUID Reg REVISION[31:28] = 0x2
[2024-11-30 09:04:24.429] --------------------------------------------------------------------------
[2024-11-30 09:04:24.429] RP2350 Chip Rev.A2
[2024-11-30 09:04:24.429] [Core1] ... M33 CPUID Reg(0xE000ED00)
[2024-11-30 09:04:24.429] [Core1] ... M33 CPUID Reg Val = 0x411FD210
[2024-11-30 09:04:24.429] [Core1] ... M33 CPUID Reg REVISION[3:0] = 0x0
[2024-11-30 09:04:24.429] [Core1] ... M33 CPUID Reg PARTNO[15:4] = 0xD21
[2024-11-30 09:04:24.429] [Core1] ... M33 CPUID Reg ARCHITECTURE[19:16] = 0xF
[2024-11-30 09:04:24.429] [Core1] ... M33 CPUID Reg VARIANT[23:20] = 0x1
[2024-11-30 09:04:24.429] [Core1] ... M33 CPUID Reg IMPLEMENTER[31:24] = 0x41
[2024-11-30 09:04:24.432] **************************************************************************
[2024-11-30 09:04:24.453] **************************************************************************
[2024-11-30 09:04:24.453] SD card Test
[2024-11-30 09:04:24.453] **************************************************************************
[2024-11-30 09:04:24.453] test.txt exists
[2024-11-30 09:04:24.453] SD card Write Test
[2024-11-30 09:04:24.462] Writing to test.txt...
[2024-11-30 09:04:24.482] --------------------------------------------------------------------------
[2024-11-30 09:04:24.496] SD card Read Test
[2024-11-30 09:04:24.496] Read : SD Write Test
[2024-11-30 09:04:24.496] **************************************************************************
[2024-11-30 09:04:24.497] BME280 Sensor Data Dump
[2024-11-30 09:04:24.497] **************************************************************************
[2024-11-30 09:04:24.506] temperature : 18.820 °C
[2024-11-30 09:04:24.506] humidity : 49.594 %
[2024-11-30 09:04:24.506] pressure : 1006.990 hPa
[2024-11-30 09:04:24.506] altitude : 52.249 m
[2024-11-30 09:04:24.506] **************************************************************************
[2024-11-30 09:04:24.506] 
[2024-11-30 09:04:24.506] > rtc r
[2024-11-30 09:04:33.705] 2025/1/1 15:29:12 Wed.
[2024-11-30 09:04:33.722] 
[2024-11-30 09:04:33.722] > RTC W 24/12/1/1/12:30:00
[2024-11-30 09:04:51.905] cmd args : 24/12/1/1/12:30:0
[2024-11-30 09:04:51.908] RTC Write Date : 2024/12/1 12:30:0 Sun.
[2024-11-30 09:04:51.908] 
[2024-11-30 09:04:51.908] > rtc r
[2024-11-30 09:04:55.519] 2024/12/1 12:30:3 Sun.
[2024-11-30 09:04:55.519] 
[2024-11-30 09:04:55.519] > rst
[2024-11-30 09:05:01.926] S/W Reset!
