[2024-11-26 22:06:20.086] [Core1] ... Init
[2024-11-26 22:06:20.086] [Core0] ... Init End
[2024-11-26 22:06:20.087] No SD Card. Plz, Insert SD & Reboot
[2024-11-26 22:06:20.087] File System Init(@SD)
[2024-11-26 22:06:20.087] [Core1] vTaskCore1monitor
[2024-11-26 22:06:20.103] Chimi Monitor Program for RP2350 Ver.1.0.0
[2024-11-26 22:06:20.103] Copyright(C) 2024, Chimi(https://github.com/Chimipupu)
[2024-11-26 22:06:20.104] Pico SDK Ver.2.1.0
[2024-11-26 22:06:20.104] RP2350 Chip Rev.A2
[2024-11-26 22:06:20.104]    @                                     
[2024-11-26 22:06:20.104]    @                                     
[2024-11-26 22:06:20.105] @@@@@@@@     @@@@@        @@@@    @@@@@  
[2024-11-26 22:06:20.105]    @             @       @    @  @     @ 
[2024-11-26 22:06:20.106]   @              @  @   @      @ @     @ 
[2024-11-26 22:06:20.106]   @ @@@         @   @   @      @  @@     
[2024-11-26 22:06:20.106]  @@@   @     @@@@@@ @   @      @    @@   
[2024-11-26 22:06:20.119]  @      @   @  @   @@@  @      @      @  
[2024-11-26 22:06:20.119]         @  @  @     @ @ @      @ @     @ 
[2024-11-26 22:06:20.119]         @  @  @     @    @    @  @     @ 
[2024-11-26 22:06:20.119]       @@    @@     @      @@@@    @@@@@  
[2024-11-26 22:06:20.119]    @@@           @@                      
[2024-11-26 22:06:20.119]                                          
[2024-11-26 22:06:20.119] Command List:
[2024-11-26 22:06:20.119]   HELP   - This Command. Show Command List
[2024-11-26 22:06:20.119]   CLS    - Display Clear Command
[2024-11-26 22:06:20.120]   DIR    - List directory(SD or SPI Flash)
[2024-11-26 22:06:20.120]   CALC   - Calc add(+), sun(-), mul(*), div(*), mod(), pow(^)
[2024-11-26 22:06:20.120]   PI     - Calculate Pi using Gauss-Legendre method (e.g., PI 3)
[2024-11-26 22:06:20.120]   FIB    - Display Fibonacci (e.g., FIB 10)
[2024-11-26 22:06:20.120]   PRIME  - Display prime numbers (e.g., PRIME 10)
[2024-11-26 22:06:20.134]   MANDEL - Display Mandelbrot (e.g., MANDEL)
[2024-11-26 22:06:20.134]   TIMER  - Timer Test
[2024-11-26 22:06:20.134]   TEST   - Performance test cmd
[2024-11-26 22:06:20.134]   DBG    - Develop cmd
[2024-11-26 22:06:20.134] 
[2024-11-26 22:06:20.134] > TEST
[2024-11-26 22:06:23.664] Chimi Monitor Program for RP2350 Ver.1.0.0
[2024-11-26 22:06:23.664] Copyright(C) 2024, Chimi(https://github.com/Chimipupu)
[2024-11-26 22:06:23.667] Pico SDK Ver.2.1.0
[2024-11-26 22:06:23.667] RP2350 Chip Rev.A2
[2024-11-26 22:06:23.667] BenchMark Test [Start]
[2024-11-26 22:06:23.667] add_test_int() Func (n=10)	Proc Time Avg = 104 [usec]
[2024-11-26 22:06:23.683] sub_test_int() Func (n=10)	Proc Time Avg = 105 [usec]
[2024-11-26 22:06:23.683] mul_test_int() Func (n=10)	Proc Time Avg = 103 [usec]
[2024-11-26 22:06:23.684] div_test_int() Func (n=10)	Proc Time Avg = 103 [usec]
[2024-11-26 22:06:23.684] add_test_float() Func (n=10)	Proc Time Avg = 124 [usec]
[2024-11-26 22:06:23.684] sub_test_float() Func (n=10)	Proc Time Avg = 121 [usec]
[2024-11-26 22:06:23.684] mul_test_float() Func (n=10)	Proc Time Avg = 117 [usec]
[2024-11-26 22:06:23.684] div_test_float() Func (n=10)	Proc Time Avg = 116 [usec]
[2024-11-26 22:06:23.685] add_test_double() Func (n=10)	Proc Time Avg = 433 [usec]
[2024-11-26 22:06:23.691] sub_test_double() Func (n=10)	Proc Time Avg = 459 [usec]
[2024-11-26 22:06:23.695] mul_test_double() Func (n=10)	Proc Time Avg = 443 [usec]
[2024-11-26 22:06:23.700] div_test_double() Func (n=10)	Proc Time Avg = 544 [usec]
[2024-11-26 22:06:23.717] sin_test() Func (n=10)	Proc Time Avg = 1745 [usec]
[2024-11-26 22:06:23.724] cos_test() Func (n=10)	Proc Time Avg = 1708 [usec]
[2024-11-26 22:06:23.759] tan_test() Func (n=10)	Proc Time Avg = 2631 [usec]
[2024-11-26 22:06:23.771] atan2_test() Func (n=10)	Proc Time Avg = 2363 [usec]
[2024-11-26 22:06:23.799] sqrt_test() Func (n=10)	Proc Time Avg = 331 [usec]
[2024-11-26 22:06:23.799] gpio_tgl_test() Func (n=10)	Proc Time Avg = 834 [usec]
[2024-11-26 22:06:23.816] BenchMark Test [End]
[2024-11-26 22:06:23.816] 
[2024-11-26 22:06:23.816] > TEST
[2024-11-26 22:06:26.302] Chimi Monitor Program for RP2350 Ver.1.0.0
[2024-11-26 22:06:26.302] Copyright(C) 2024, Chimi(https://github.com/Chimipupu)
[2024-11-26 22:06:26.302] Pico SDK Ver.2.1.0
[2024-11-26 22:06:26.302] RP2350 Chip Rev.A2
[2024-11-26 22:06:26.318] BenchMark Test [Start]
[2024-11-26 22:06:26.318] add_test_int() Func (n=10)	Proc Time Avg = 107 [usec]
[2024-11-26 22:06:26.318] sub_test_int() Func (n=10)	Proc Time Avg = 102 [usec]
[2024-11-26 22:06:26.329] mul_test_int() Func (n=10)	Proc Time Avg = 105 [usec]
[2024-11-26 22:06:26.329] div_test_int() Func (n=10)	Proc Time Avg = 104 [usec]
[2024-11-26 22:06:26.329] add_test_float() Func (n=10)	Proc Time Avg = 130 [usec]
[2024-11-26 22:06:26.329] sub_test_float() Func (n=10)	Proc Time Avg = 132 [usec]
[2024-11-26 22:06:26.329] mul_test_float() Func (n=10)	Proc Time Avg = 125 [usec]
[2024-11-26 22:06:26.329] div_test_float() Func (n=10)	Proc Time Avg = 128 [usec]
[2024-11-26 22:06:26.329] add_test_double() Func (n=10)	Proc Time Avg = 429 [usec]
[2024-11-26 22:06:26.329] sub_test_double() Func (n=10)	Proc Time Avg = 454 [usec]
[2024-11-26 22:06:26.333] mul_test_double() Func (n=10)	Proc Time Avg = 443 [usec]
[2024-11-26 22:06:26.336] div_test_double() Func (n=10)	Proc Time Avg = 539 [usec]
[2024-11-26 22:06:26.357] sin_test() Func (n=10)	Proc Time Avg = 1738 [usec]
[2024-11-26 22:06:26.362] cos_test() Func (n=10)	Proc Time Avg = 1702 [usec]
[2024-11-26 22:06:26.393] tan_test() Func (n=10)	Proc Time Avg = 2626 [usec]
[2024-11-26 22:06:26.406] atan2_test() Func (n=10)	Proc Time Avg = 2359 [usec]
[2024-11-26 22:06:26.432] sqrt_test() Func (n=10)	Proc Time Avg = 325 [usec]
[2024-11-26 22:06:26.436] gpio_tgl_test() Func (n=10)	Proc Time Avg = 829 [usec]
[2024-11-26 22:06:26.457] BenchMark Test [End]
[2024-11-26 22:06:26.457] 
[2024-11-26 22:06:26.457] > TEST
[2024-11-26 22:06:28.226] Chimi Monitor Program for RP2350 Ver.1.0.0
[2024-11-26 22:06:28.226] Copyright(C) 2024, Chimi(https://github.com/Chimipupu)
[2024-11-26 22:06:28.226] Pico SDK Ver.2.1.0
[2024-11-26 22:06:28.226] RP2350 Chip Rev.A2
[2024-11-26 22:06:28.226] BenchMark Test [Start]
[2024-11-26 22:06:28.226] add_test_int() Func (n=10)	Proc Time Avg = 106 [usec]
[2024-11-26 22:06:28.226] sub_test_int() Func (n=10)	Proc Time Avg = 102 [usec]
[2024-11-26 22:06:28.226] mul_test_int() Func (n=10)	Proc Time Avg = 107 [usec]
[2024-11-26 22:06:28.226] div_test_int() Func (n=10)	Proc Time Avg = 104 [usec]
[2024-11-26 22:06:28.226] add_test_float() Func (n=10)	Proc Time Avg = 134 [usec]
[2024-11-26 22:06:28.226] sub_test_float() Func (n=10)	Proc Time Avg = 127 [usec]
[2024-11-26 22:06:28.226] mul_test_float() Func (n=10)	Proc Time Avg = 120 [usec]
[2024-11-26 22:06:28.227] div_test_float() Func (n=10)	Proc Time Avg = 118 [usec]
[2024-11-26 22:06:28.232] add_test_double() Func (n=10)	Proc Time Avg = 433 [usec]
[2024-11-26 22:06:28.235] sub_test_double() Func (n=10)	Proc Time Avg = 458 [usec]
[2024-11-26 22:06:28.253] mul_test_double() Func (n=10)	Proc Time Avg = 446 [usec]
[2024-11-26 22:06:28.253] div_test_double() Func (n=10)	Proc Time Avg = 541 [usec]
[2024-11-26 22:06:28.259] sin_test() Func (n=10)	Proc Time Avg = 1744 [usec]
[2024-11-26 22:06:28.268] cos_test() Func (n=10)	Proc Time Avg = 1709 [usec]
[2024-11-26 22:06:28.290] tan_test() Func (n=10)	Proc Time Avg = 2627 [usec]
[2024-11-26 22:06:28.313] atan2_test() Func (n=10)	Proc Time Avg = 2364 [usec]
[2024-11-26 22:06:28.337] sqrt_test() Func (n=10)	Proc Time Avg = 335 [usec]
[2024-11-26 22:06:28.340] gpio_tgl_test() Func (n=10)	Proc Time Avg = 832 [usec]
[2024-11-26 22:06:28.363] BenchMark Test [End]
[2024-11-26 22:06:28.363] 
[2024-11-26 22:06:28.363] > DBG
[2024-11-26 22:06:33.157] DEBUG Command
[2024-11-26 22:06:33.158] [CoreFF] ... RP2350 Reg Info
[2024-11-26 22:06:33.158] RP2350 Chip Rev.A2
[2024-11-26 22:06:33.158] [Core1] ... SIO CPUID Reg(0xD0000000)
[2024-11-26 22:06:33.158] [Core1] ... SIO CPUID Reg Val = 0x1
[2024-11-26 22:06:33.158] [Core1] ... SYSINFO CPUID Reg(0x20004927)
[2024-11-26 22:06:33.168] [Core1] ... SYSINFO CPUID Reg Val = 0x20004927
[2024-11-26 22:06:33.168] [Core1] ... SYSINFO CPUID Reg MANUFACTURER[11:0] = 0x493
[2024-11-26 22:06:33.168] [Core1] ... SYSINFO CPUID Reg PART[27:12] = 0x4
[2024-11-26 22:06:33.168] [Core1] ... SYSINFO CPUID Reg REVISION[31:28] = 0x2
[2024-11-26 22:06:33.168] [Core1] ... M33 CPUID Reg(0xE000ED00)
[2024-11-26 22:06:33.168] [Core1] ... M33 CPUID Reg Val = 0x411FD210
[2024-11-26 22:06:33.168] [Core1] ... M33 CPUID Reg REVISION[3:0] = 0x0
[2024-11-26 22:06:33.168] [Core1] ... M33 CPUID Reg PARTNO[15:4] = 0xD21
[2024-11-26 22:06:33.168] [Core1] ... M33 CPUID Reg ARCHITECTURE[19:16] = 0xF
[2024-11-26 22:06:33.168] [Core1] ... M33 CPUID Reg VARIANT[23:20] = 0x1
[2024-11-26 22:06:33.168] [Core1] ... M33 CPUID Reg IMPLEMENTER[31:24] = 0x41
[2024-11-26 22:06:33.170] WiFi Config File Read(@SD)
[2024-11-26 22:06:33.170] wifi_config.txt doesn't exist
[2024-11-26 22:06:33.170] 
[2024-11-26 22:06:33.197] > TIMER
[2024-11-26 22:06:46.310] proc time : 92691 usec
[2024-11-26 22:06:46.313] 
[2024-11-26 22:06:46.313] > MANDEL
[2024-11-26 22:06:51.890]                                                                                 
[2024-11-26 22:06:51.895]                                                                                 
[2024-11-26 22:06:51.895]                                                                                 
[2024-11-26 22:06:51.895]                                                                                 
[2024-11-26 22:06:51.895]                                                                                 
[2024-11-26 22:06:51.895]                                                                                 
[2024-11-26 22:06:51.895]                                                                                 
[2024-11-26 22:06:51.895]                                                                                 
[2024-11-26 22:06:51.903]                                                                                 
[2024-11-26 22:06:51.916]                                                                                 
[2024-11-26 22:06:51.916]                                         #                                       
[2024-11-26 22:06:51.916]                                                                                 
[2024-11-26 22:06:51.920]                                     ####                                        
[2024-11-26 22:06:51.939]                                     ####                                        
[2024-11-26 22:06:51.948]                               #  ##########                                     
[2024-11-26 22:06:51.968]                               #################                                 
[2024-11-26 22:06:52.007]                             ###################                                 
[2024-11-26 22:06:52.034]                            #####################                                
[2024-11-26 22:06:52.074]                  #######  ######################                                
[2024-11-26 22:06:52.118]                 ######### ######################                                
[2024-11-26 22:06:52.175] ##############################################                                  
[2024-11-26 22:06:52.248]                 ######### ######################                                
[2024-11-26 22:06:52.302]                  #######  ######################                                
[2024-11-26 22:06:52.350]                            #####################                                
[2024-11-26 22:06:52.391]                             ###################                                 
[2024-11-26 22:06:52.426]                               #################                                 
[2024-11-26 22:06:52.457]                               #  ##########                                     
[2024-11-26 22:06:52.485]                                     ####                                        
[2024-11-26 22:06:52.492]                                     ####                                        
[2024-11-26 22:06:52.498]                                                                                 
[2024-11-26 22:06:52.503]                                         #                                       
[2024-11-26 22:06:52.512]                                                                                 
[2024-11-26 22:06:52.523]                                                                                 
[2024-11-26 22:06:52.523]                                                                                 
[2024-11-26 22:06:52.527]                                                                                 
[2024-11-26 22:06:52.529]                                                                                 
[2024-11-26 22:06:52.533]                                                                                 
[2024-11-26 22:06:52.541]                                                                                 
[2024-11-26 22:06:52.553]                                                                                 
[2024-11-26 22:06:52.554]                                                                                 
[2024-11-26 22:06:52.554] 
[2024-11-26 22:06:52.554] > 